<?xml version="1.0" encoding="UTF-8"?>
<testsuite name="TestCaseAllStepByStepTests-20230421193027" tests="14" file=".py" time="8.510" timestamp="2023-04-21T19:30:44" failures="0" errors="0" skipped="0">
	<testcase classname="TestCaseAllStepByStepTests" name="test_01_open_home_page" time="1.098" timestamp="2023-04-21T19:30:36" file="test_one_hand_bandit_unittest.py" line="66">
		<!--Docstring: Testing opening HOME page-->
	</testcase>
	<testcase classname="TestCaseAllStepByStepTests" name="test_02_play_1st_game" time="0.471" timestamp="2023-04-21T19:30:37" file="test_one_hand_bandit_unittest.py" line="73">
		<!--Docstring: Testing playing game to first win-->
	</testcase>
	<testcase classname="TestCaseAllStepByStepTests" name="test_03_play_2nd_game" time="3.094" timestamp="2023-04-21T19:30:40" file="test_one_hand_bandit_unittest.py" line="80">
		<!--Docstring: Testing playing game to second win-->
	</testcase>
	<testcase classname="TestCaseAllStepByStepTests" name="test_04_play_3rd_game" time="2.431" timestamp="2023-04-21T19:30:42" file="test_one_hand_bandit_unittest.py" line="87">
		<!--Docstring: Testing playing game to third win-->
	</testcase>
	<testcase classname="TestCaseAllStepByStepTests" name="test_05_delete_results" time="0.142" timestamp="2023-04-21T19:30:42" file="test_one_hand_bandit_unittest.py" line="94">
		<!--Docstring: Testing deleting results-->
	</testcase>
	<testcase classname="TestCaseAllStepByStepTests" name="test_06_open_rules_page_from_home_page" time="0.141" timestamp="2023-04-21T19:30:42" file="test_one_hand_bandit_unittest.py" line="101">
		<!--Docstring: Testing RULES menu item on the HOME page-->
	</testcase>
	<testcase classname="TestCaseAllStepByStepTests" name="test_07_open_home_page_from_rules_page" time="0.173" timestamp="2023-04-21T19:30:43" file="test_one_hand_bandit_unittest.py" line="109">
		<!--Docstring: Testing START GAME button on the RULES page-->
	</testcase>
	<testcase classname="TestCaseAllStepByStepTests" name="test_08_repeat_test_06" time="0.141" timestamp="2023-04-21T19:30:43" file="test_one_hand_bandit_unittest.py" line="117">
		<!--Docstring: Test 08 (repeat Test 06)-->
	</testcase>
	<testcase classname="TestCaseAllStepByStepTests" name="test_09_open_home_page_from_rules_page" time="0.141" timestamp="2023-04-21T19:30:43" file="test_one_hand_bandit_unittest.py" line="125">
		<!--Docstring: Testing GAME menu item on the RULES page-->
	</testcase>
	<testcase classname="TestCaseAllStepByStepTests" name="test_10_repeat_test_06" time="0.141" timestamp="2023-04-21T19:30:43" file="test_one_hand_bandit_unittest.py" line="133">
		<!--Docstring: Test 10 (repeat Test 06)-->
	</testcase>
	<testcase classname="TestCaseAllStepByStepTests" name="test_11_open_about_page_from_rules_page" time="0.136" timestamp="2023-04-21T19:30:43" file="test_one_hand_bandit_unittest.py" line="141">
		<!--Docstring: Testing ABOUT menu item on the RULES page-->
	</testcase>
	<testcase classname="TestCaseAllStepByStepTests" name="test_12_open_home_page_from_about_page" time="0.162" timestamp="2023-04-21T19:30:43" file="test_one_hand_bandit_unittest.py" line="149">
		<!--Docstring: Testing GAME menu item on the ABOUT page-->
	</testcase>
	<testcase classname="TestCaseAllStepByStepTests" name="test_13_open_about_page_from_home_page" time="0.125" timestamp="2023-04-21T19:30:43" file="test_one_hand_bandit_unittest.py" line="157">
		<!--Docstring: Testing ABOUT menu item on the HOME page-->
	</testcase>
	<testcase classname="TestCaseAllStepByStepTests" name="test_14_open_rules_page_from_about_page" time="0.113" timestamp="2023-04-21T19:30:44" file="test_one_hand_bandit_unittest.py" line="165">
		<!--Docstring: Testing RULES menu item on the ABOUT page-->
	</testcase>
</testsuite>
