<?xml version="1.0" encoding="UTF-8"?>
<testsuite name="TestCaseAllStepByStepTests-20230502184539" tests="14" file=".py" time="9.836" timestamp="2023-05-02T18:45:58" failures="0" errors="0" skipped="0">
	<testcase classname="TestCaseAllStepByStepTests" name="test_01_open_home_page" time="0.737" timestamp="2023-05-02T18:45:49" file="test_one_hand_bandit_unittest.py" line="65">
		<!--Docstring: Testing opening HOME page-->
	</testcase>
	<testcase classname="TestCaseAllStepByStepTests" name="test_02_play_1st_game" time="2.447" timestamp="2023-05-02T18:45:51" file="test_one_hand_bandit_unittest.py" line="72">
		<!--Docstring: Testing playing game to first win-->
	</testcase>
	<testcase classname="TestCaseAllStepByStepTests" name="test_03_play_2nd_game" time="2.871" timestamp="2023-05-02T18:45:54" file="test_one_hand_bandit_unittest.py" line="79">
		<!--Docstring: Testing playing game to second win-->
	</testcase>
	<testcase classname="TestCaseAllStepByStepTests" name="test_04_play_3rd_game" time="1.114" timestamp="2023-05-02T18:45:55" file="test_one_hand_bandit_unittest.py" line="86">
		<!--Docstring: Testing playing game to third win-->
	</testcase>
	<testcase classname="TestCaseAllStepByStepTests" name="test_05_delete_results" time="0.407" timestamp="2023-05-02T18:45:55" file="test_one_hand_bandit_unittest.py" line="93">
		<!--Docstring: Testing deleting results-->
	</testcase>
	<testcase classname="TestCaseAllStepByStepTests" name="test_06_open_rules_page_from_home_page" time="0.283" timestamp="2023-05-02T18:45:56" file="test_one_hand_bandit_unittest.py" line="100">
		<!--Docstring: Testing RULES menu item on the HOME page-->
	</testcase>
	<testcase classname="TestCaseAllStepByStepTests" name="test_07_open_home_page_from_rules_page" time="0.298" timestamp="2023-05-02T18:45:56" file="test_one_hand_bandit_unittest.py" line="108">
		<!--Docstring: Testing START GAME button on the RULES page-->
	</testcase>
	<testcase classname="TestCaseAllStepByStepTests" name="test_08_repeat_test_06" time="0.204" timestamp="2023-05-02T18:45:56" file="test_one_hand_bandit_unittest.py" line="116">
		<!--Docstring: Test 08 (repeat Test 06)-->
	</testcase>
	<testcase classname="TestCaseAllStepByStepTests" name="test_09_open_home_page_from_rules_page" time="0.314" timestamp="2023-05-02T18:45:56" file="test_one_hand_bandit_unittest.py" line="124">
		<!--Docstring: Testing GAME menu item on the RULES page-->
	</testcase>
	<testcase classname="TestCaseAllStepByStepTests" name="test_10_repeat_test_06" time="0.204" timestamp="2023-05-02T18:45:57" file="test_one_hand_bandit_unittest.py" line="132">
		<!--Docstring: Test 10 (repeat Test 06)-->
	</testcase>
	<testcase classname="TestCaseAllStepByStepTests" name="test_11_open_about_page_from_rules_page" time="0.204" timestamp="2023-05-02T18:45:57" file="test_one_hand_bandit_unittest.py" line="140">
		<!--Docstring: Testing ABOUT menu item on the RULES page-->
	</testcase>
	<testcase classname="TestCaseAllStepByStepTests" name="test_12_open_home_page_from_about_page" time="0.313" timestamp="2023-05-02T18:45:57" file="test_one_hand_bandit_unittest.py" line="148">
		<!--Docstring: Testing GAME menu item on the ABOUT page-->
	</testcase>
	<testcase classname="TestCaseAllStepByStepTests" name="test_13_open_about_page_from_home_page" time="0.220" timestamp="2023-05-02T18:45:57" file="test_one_hand_bandit_unittest.py" line="156">
		<!--Docstring: Testing ABOUT menu item on the HOME page-->
	</testcase>
	<testcase classname="TestCaseAllStepByStepTests" name="test_14_open_rules_page_from_about_page" time="0.220" timestamp="2023-05-02T18:45:58" file="test_one_hand_bandit_unittest.py" line="164">
		<!--Docstring: Testing RULES menu item on the ABOUT page-->
	</testcase>
</testsuite>
