<?xml version="1.0" encoding="UTF-8"?>
<testsuite name="AllStepByStepTests-20230408192620" tests="12" file=".py" time="1.511" timestamp="2023-04-08T19:26:29" failures="0" errors="0" skipped="0">
	<testcase classname="AllStepByStepTests" name="test_01_open_home_page" time="0.020" timestamp="2023-04-08T19:26:28" file="test_one_hand_bandit_unittest.py" line="38">
		<!--Testing opening home page-->
	</testcase>
	<testcase classname="AllStepByStepTests" name="test_02_play_1_game" time="0.272" timestamp="2023-04-08T19:26:28" file="test_one_hand_bandit_unittest.py" line="43">
		<!--Testing playing game to first win-->
	</testcase>
	<testcase classname="AllStepByStepTests" name="test_03_results_1_game" time="0.009" timestamp="2023-04-08T19:26:28" file="test_one_hand_bandit_unittest.py" line="55">
		<!--Testing finding results of first game-->
	</testcase>
	<testcase classname="AllStepByStepTests" name="test_04_play_2_game" time="0.018" timestamp="2023-04-08T19:26:28" file="test_one_hand_bandit_unittest.py" line="59">
		<!--Testing playing game to second win-->
	</testcase>
	<testcase classname="AllStepByStepTests" name="test_05_results_2_game" time="0.007" timestamp="2023-04-08T19:26:28" file="test_one_hand_bandit_unittest.py" line="71">
		<!--Testing finding results of second game-->
	</testcase>
	<testcase classname="AllStepByStepTests" name="test_06_play_3_game" time="0.388" timestamp="2023-04-08T19:26:29" file="test_one_hand_bandit_unittest.py" line="75">
		<!--Testing playing game to third win-->
	</testcase>
	<testcase classname="AllStepByStepTests" name="test_07_results_3_game" time="0.007" timestamp="2023-04-08T19:26:29" file="test_one_hand_bandit_unittest.py" line="87">
		<!--Testing finding results of third game-->
	</testcase>
	<testcase classname="AllStepByStepTests" name="test_08_delete_results" time="0.146" timestamp="2023-04-08T19:26:29" file="test_one_hand_bandit_unittest.py" line="91">
		<!--Testing deleting results-->
	</testcase>
	<testcase classname="AllStepByStepTests" name="test_09_open_rules_page" time="0.154" timestamp="2023-04-08T19:26:29" file="test_one_hand_bandit_unittest.py" line="101">
		<!--Testing opening RULES page-->
	</testcase>
	<testcase classname="AllStepByStepTests" name="test_10_check_btn_start_game" time="0.218" timestamp="2023-04-08T19:26:29" file="test_one_hand_bandit_unittest.py" line="106">
		<!--Testing button 'START GAME'-->
	</testcase>
	<testcase classname="AllStepByStepTests" name="test_11_open_page_about" time="0.120" timestamp="2023-04-08T19:26:29" file="test_one_hand_bandit_unittest.py" line="112">
		<!--Testing opening ABOUT page-->
	</testcase>
	<testcase classname="AllStepByStepTests" name="test_12_return_home_page" time="0.152" timestamp="2023-04-08T19:26:29" file="test_one_hand_bandit_unittest.py" line="117">
		<!--Testing returning to the home page-->
	</testcase>
</testsuite>
