<?xml version="1.0" encoding="UTF-8"?>
<testsuite name="AllStepByStepTests-20230408200125" tests="12" file=".py" time="2.431" timestamp="2023-04-08T20:01:32" failures="0" errors="0" skipped="0">
	<testcase classname="AllStepByStepTests" name="test_01_open_home_page" time="0.023" timestamp="2023-04-08T20:01:30" file="test_one_hand_bandit_unittest.py" line="38">
		<!--Testing opening home page-->
	</testcase>
	<testcase classname="AllStepByStepTests" name="test_02_play_1_game" time="0.036" timestamp="2023-04-08T20:01:30" file="test_one_hand_bandit_unittest.py" line="44">
		<!--Testing playing game to first win-->
	</testcase>
	<testcase classname="AllStepByStepTests" name="test_03_results_1_game" time="0.007" timestamp="2023-04-08T20:01:30" file="test_one_hand_bandit_unittest.py" line="60">
		<!--Testing finding results of first game-->
	</testcase>
	<testcase classname="AllStepByStepTests" name="test_04_play_2_game" time="0.034" timestamp="2023-04-08T20:01:30" file="test_one_hand_bandit_unittest.py" line="66">
		<!--Testing playing game to second win-->
	</testcase>
	<testcase classname="AllStepByStepTests" name="test_05_results_2_game" time="0.011" timestamp="2023-04-08T20:01:30" file="test_one_hand_bandit_unittest.py" line="82">
		<!--Testing finding results of second game-->
	</testcase>
	<testcase classname="AllStepByStepTests" name="test_06_play_3_game" time="0.204" timestamp="2023-04-08T20:01:30" file="test_one_hand_bandit_unittest.py" line="88">
		<!--Testing playing game to third win-->
	</testcase>
	<testcase classname="AllStepByStepTests" name="test_07_results_3_game" time="0.010" timestamp="2023-04-08T20:01:30" file="test_one_hand_bandit_unittest.py" line="104">
		<!--Testing finding results of third game-->
	</testcase>
	<testcase classname="AllStepByStepTests" name="test_08_delete_results" time="1.316" timestamp="2023-04-08T20:01:31" file="test_one_hand_bandit_unittest.py" line="110">
		<!--Testing deleting results-->
	</testcase>
	<testcase classname="AllStepByStepTests" name="test_09_open_rules_page" time="0.164" timestamp="2023-04-08T20:01:31" file="test_one_hand_bandit_unittest.py" line="125">
		<!--Testing opening RULES page-->
	</testcase>
	<testcase classname="AllStepByStepTests" name="test_10_check_btn_start_game" time="0.272" timestamp="2023-04-08T20:01:32" file="test_one_hand_bandit_unittest.py" line="132">
		<!--Testing button 'START GAME'-->
	</testcase>
	<testcase classname="AllStepByStepTests" name="test_11_open_page_about" time="0.148" timestamp="2023-04-08T20:01:32" file="test_one_hand_bandit_unittest.py" line="140">
		<!--Testing opening ABOUT page-->
	</testcase>
	<testcase classname="AllStepByStepTests" name="test_12_return_home_page" time="0.206" timestamp="2023-04-08T20:01:32" file="test_one_hand_bandit_unittest.py" line="147">
		<!--Testing returning to the home page-->
	</testcase>
</testsuite>
