<?xml version="1.0" encoding="UTF-8"?>
<testsuite name="TestCaseAllStepByStepTests-20230502184620" tests="14" file=".py" time="2.705" timestamp="2023-05-02T18:46:26" failures="0" errors="0" skipped="0">
	<testcase classname="TestCaseAllStepByStepTests" name="test_01_open_home_page" time="0.353" timestamp="2023-05-02T18:46:23" file="test_one_hand_bandit_unittest.py" line="65">
		<!--Docstring: Testing opening HOME page-->
	</testcase>
	<testcase classname="TestCaseAllStepByStepTests" name="test_02_play_1st_game" time="0.151" timestamp="2023-05-02T18:46:24" file="test_one_hand_bandit_unittest.py" line="72">
		<!--Docstring: Testing playing game to first win-->
	</testcase>
	<testcase classname="TestCaseAllStepByStepTests" name="test_03_play_2nd_game" time="0.123" timestamp="2023-05-02T18:46:24" file="test_one_hand_bandit_unittest.py" line="79">
		<!--Docstring: Testing playing game to second win-->
	</testcase>
	<testcase classname="TestCaseAllStepByStepTests" name="test_04_play_3rd_game" time="0.120" timestamp="2023-05-02T18:46:24" file="test_one_hand_bandit_unittest.py" line="86">
		<!--Docstring: Testing playing game to third win-->
	</testcase>
	<testcase classname="TestCaseAllStepByStepTests" name="test_05_delete_results" time="0.251" timestamp="2023-05-02T18:46:24" file="test_one_hand_bandit_unittest.py" line="93">
		<!--Docstring: Testing deleting results-->
	</testcase>
	<testcase classname="TestCaseAllStepByStepTests" name="test_06_open_rules_page_from_home_page" time="0.173" timestamp="2023-05-02T18:46:24" file="test_one_hand_bandit_unittest.py" line="100">
		<!--Docstring: Testing RULES menu item on the HOME page-->
	</testcase>
	<testcase classname="TestCaseAllStepByStepTests" name="test_07_open_home_page_from_rules_page" time="0.230" timestamp="2023-05-02T18:46:25" file="test_one_hand_bandit_unittest.py" line="108">
		<!--Docstring: Testing START GAME button on the RULES page-->
	</testcase>
	<testcase classname="TestCaseAllStepByStepTests" name="test_08_repeat_test_06" time="0.214" timestamp="2023-05-02T18:46:25" file="test_one_hand_bandit_unittest.py" line="116">
		<!--Docstring: Test 08 (repeat Test 06)-->
	</testcase>
	<testcase classname="TestCaseAllStepByStepTests" name="test_09_open_home_page_from_rules_page" time="0.209" timestamp="2023-05-02T18:46:25" file="test_one_hand_bandit_unittest.py" line="124">
		<!--Docstring: Testing GAME menu item on the RULES page-->
	</testcase>
	<testcase classname="TestCaseAllStepByStepTests" name="test_10_repeat_test_06" time="0.171" timestamp="2023-05-02T18:46:25" file="test_one_hand_bandit_unittest.py" line="132">
		<!--Docstring: Test 10 (repeat Test 06)-->
	</testcase>
	<testcase classname="TestCaseAllStepByStepTests" name="test_11_open_about_page_from_rules_page" time="0.176" timestamp="2023-05-02T18:46:25" file="test_one_hand_bandit_unittest.py" line="140">
		<!--Docstring: Testing ABOUT menu item on the RULES page-->
	</testcase>
	<testcase classname="TestCaseAllStepByStepTests" name="test_12_open_home_page_from_about_page" time="0.202" timestamp="2023-05-02T18:46:25" file="test_one_hand_bandit_unittest.py" line="148">
		<!--Docstring: Testing GAME menu item on the ABOUT page-->
	</testcase>
	<testcase classname="TestCaseAllStepByStepTests" name="test_13_open_about_page_from_home_page" time="0.169" timestamp="2023-05-02T18:46:26" file="test_one_hand_bandit_unittest.py" line="156">
		<!--Docstring: Testing ABOUT menu item on the HOME page-->
	</testcase>
	<testcase classname="TestCaseAllStepByStepTests" name="test_14_open_rules_page_from_about_page" time="0.164" timestamp="2023-05-02T18:46:26" file="test_one_hand_bandit_unittest.py" line="164">
		<!--Docstring: Testing RULES menu item on the ABOUT page-->
	</testcase>
</testsuite>
